0 verbose cli D:\VScode\Node.js\node.exe D:\VScode\Node.js\node_modules\npm\bin\npm-cli.js
1 info using npm@10.9.2
2 info using node@v22.17.1
3 silly config load:file:D:\VScode\Node.js\node_modules\npm\npmrc
4 silly config load:file:E:\cursor\localculture\vue2-app\.npmrc
5 silly config load:file:C:\Users\ASUS\.npmrc
6 silly config load:file:D:\VScode\Node.js\etc\npmrc
7 verbose title npm run serve
0 verbose cli D:\VScode\Node.js\node.exe D:\VScode\Node.js\node_modules\npm\bin\npm-cli.js
8 verbose argv "run" "serve"
1 info using npm@10.9.2
9 verbose logfile logs-max:10 dir:E:\cursor\localculture\vue2-app\.npm-cache\_logs\2025-10-23T06_57_19_204Z-
2 info using node@v22.17.1
10 verbose logfile E:\cursor\localculture\vue2-app\.npm-cache\_logs\2025-10-23T06_57_19_204Z-debug-0.log
3 silly config load:file:D:\VScode\Node.js\node_modules\npm\npmrc
4 silly config load:file:E:\cursor\localculture\vue2-app\.npmrc
5 silly config load:file:C:\Users\ASUS\.npmrc
6 silly config load:file:D:\VScode\Node.js\etc\npmrc
7 verbose title npm run server
8 verbose argv "run" "server"
9 verbose logfile logs-max:10 dir:E:\cursor\localculture\vue2-app\.npm-cache\_logs\2025-10-23T06_57_19_204Z-
10 verbose logfile E:\cursor\localculture\vue2-app\.npm-cache\_logs\2025-10-23T06_57_19_204Z-debug-0.log
11 silly logfile start cleaning logs, removing 1 files
11 silly logfile start cleaning logs, removing 1 files
12 silly logfile done cleaning log files
12 silly logfile done cleaning log files
