0 verbose cli D:\VScode\Node.js\node.exe D:\VScode\Node.js\node_modules\npm\bin\npm-cli.js
1 info using npm@10.9.2
2 info using node@v22.17.1
3 silly config load:file:D:\VScode\Node.js\node_modules\npm\npmrc
4 silly config load:file:E:\cursor\localculture\vue2-app\.npmrc
5 silly config load:file:C:\Users\ASUS\.npmrc
6 silly config load:file:D:\VScode\Node.js\etc\npmrc
7 verbose title npm install multer
8 verbose argv "install" "multer"
9 verbose logfile logs-max:10 dir:E:\cursor\localculture\vue2-app\server\.npm-cache\_logs\2025-10-20T15_21_25_868Z-
10 verbose logfile E:\cursor\localculture\vue2-app\server\.npm-cache\_logs\2025-10-20T15_21_25_868Z-debug-0.log
11 silly logfile done cleaning log files
12 silly packumentCache heap:4345298944 maxSize:1086324736 maxEntrySize:543162368
13 silly idealTree buildDeps
14 silly fetch manifest multer@*
15 silly packumentCache full:https://registry.npmmirror.com/multer cache-miss
16 http fetch GET 200 https://registry.npmmirror.com/multer 381ms (cache miss)
17 silly packumentCache full:https://registry.npmmirror.com/multer set size:26049 disposed:false
18 silly placeDep ROOT multer@2.0.2 OK for: vue2-app@0.1.0 want: *
19 silly fetch manifest append-field@^1.0.0
20 silly packumentCache full:https://registry.npmmirror.com/append-field cache-miss
21 silly fetch manifest busboy@^1.6.0
22 silly packumentCache full:https://registry.npmmirror.com/busboy cache-miss
23 silly fetch manifest concat-stream@^2.0.0
24 silly packumentCache full:https://registry.npmmirror.com/concat-stream cache-miss
25 silly fetch manifest type-is@^1.6.18
26 silly packumentCache full:https://registry.npmmirror.com/type-is cache-miss
27 http fetch GET 200 https://registry.npmmirror.com/npm 1022ms
28 http fetch GET 200 https://registry.npmmirror.com/append-field 90ms (cache miss)
29 silly packumentCache full:https://registry.npmmirror.com/append-field set size:2267 disposed:false
30 http fetch GET 200 https://registry.npmmirror.com/concat-stream 151ms (cache miss)
31 silly packumentCache full:https://registry.npmmirror.com/concat-stream set size:11207 disposed:false
32 http fetch GET 200 https://registry.npmmirror.com/type-is 162ms (cache miss)
33 silly packumentCache full:https://registry.npmmirror.com/type-is set size:14881 disposed:false
34 http fetch GET 200 https://registry.npmmirror.com/busboy 199ms (cache miss)
35 silly packumentCache full:https://registry.npmmirror.com/busboy set size:17698 disposed:false
36 silly placeDep ROOT append-field@1.0.0 OK for: multer@2.0.2 want: ^1.0.0
37 silly placeDep ROOT busboy@1.6.0 OK for: multer@2.0.2 want: ^1.6.0
38 silly placeDep node_modules/multer concat-stream@2.0.0 OK for: multer@2.0.2 want: ^2.0.0
39 silly placeDep node_modules/multer type-is@1.6.18 OK for: multer@2.0.2 want: ^1.6.18
40 silly fetch manifest streamsearch@^1.1.0
41 silly packumentCache full:https://registry.npmmirror.com/streamsearch cache-miss
42 silly fetch manifest readable-stream@^3.0.2
43 silly packumentCache full:https://registry.npmmirror.com/readable-stream cache-miss
44 silly fetch manifest media-typer@0.3.0
45 silly packumentCache full:https://registry.npmmirror.com/media-typer cache-miss
46 http fetch GET 200 https://registry.npmmirror.com/media-typer 84ms (cache miss)
47 silly packumentCache full:https://registry.npmmirror.com/media-typer set size:4263 disposed:false
48 http fetch GET 200 https://registry.npmmirror.com/streamsearch 87ms (cache miss)
49 silly packumentCache full:https://registry.npmmirror.com/streamsearch set size:4871 disposed:false
50 http fetch GET 200 https://registry.npmmirror.com/readable-stream 88ms (cache miss)
51 silly packumentCache full:https://registry.npmmirror.com/readable-stream set size:40678 disposed:false
52 silly placeDep ROOT streamsearch@1.1.0 OK for: busboy@1.6.0 want: ^1.1.0
53 silly placeDep node_modules/multer readable-stream@3.6.2 OK for: concat-stream@2.0.0 want: ^3.0.2
54 silly placeDep node_modules/multer media-typer@0.3.0 OK for: type-is@1.6.18 want: 0.3.0
55 warn EBADENGINE Unsupported engine {
55 warn EBADENGINE   package: '@achrinza/node-ipc@9.2.2',
55 warn EBADENGINE   required: { node: '8 || 10 || 12 || 14 || 16 || 17' },
55 warn EBADENGINE   current: { node: 'v22.17.1', npm: '10.9.2' }
55 warn EBADENGINE }
56 silly reify moves {}
57 silly audit bulk request {
57 silly audit   '@achrinza/node-ipc': [ '9.2.2' ],
57 silly audit   '@babel/code-frame': [ '7.27.1' ],
57 silly audit   '@babel/compat-data': [ '7.28.4' ],
57 silly audit   '@babel/core': [ '7.28.4' ],
57 silly audit   '@babel/generator': [ '7.28.3' ],
57 silly audit   '@babel/helper-annotate-as-pure': [ '7.27.3' ],
57 silly audit   '@babel/helper-compilation-targets': [ '7.27.2' ],
57 silly audit   '@babel/helper-create-class-features-plugin': [ '7.28.3' ],
57 silly audit   '@babel/helper-create-regexp-features-plugin': [ '7.27.1' ],
57 silly audit   '@babel/helper-define-polyfill-provider': [ '0.6.5' ],
57 silly audit   '@babel/helper-globals': [ '7.28.0' ],
57 silly audit   '@babel/helper-member-expression-to-functions': [ '7.27.1' ],
57 silly audit   '@babel/helper-module-imports': [ '7.27.1' ],
57 silly audit   '@babel/helper-module-transforms': [ '7.28.3' ],
57 silly audit   '@babel/helper-optimise-call-expression': [ '7.27.1' ],
57 silly audit   '@babel/helper-plugin-utils': [ '7.27.1' ],
57 silly audit   '@babel/helper-remap-async-to-generator': [ '7.27.1' ],
57 silly audit   '@babel/helper-replace-supers': [ '7.27.1' ],
57 silly audit   '@babel/helper-skip-transparent-expression-wrappers': [ '7.27.1' ],
57 silly audit   '@babel/helper-string-parser': [ '7.27.1' ],
57 silly audit   '@babel/helper-validator-identifier': [ '7.27.1' ],
57 silly audit   '@babel/helper-validator-option': [ '7.27.1' ],
57 silly audit   '@babel/helper-wrap-function': [ '7.28.3' ],
57 silly audit   '@babel/helpers': [ '7.28.4' ],
57 silly audit   '@babel/parser': [ '7.28.4' ],
57 silly audit   '@babel/plugin-bugfix-firefox-class-in-computed-class-key': [ '7.27.1' ],
57 silly audit   '@babel/plugin-bugfix-safari-class-field-initializer-scope': [ '7.27.1' ],
57 silly audit   '@babel/plugin-bugfix-safari-id-destructuring-collision-in-function-expression': [ '7.27.1' ],
57 silly audit   '@babel/plugin-bugfix-v8-spread-parameters-in-optional-chaining': [ '7.27.1' ],
57 silly audit   '@babel/plugin-bugfix-v8-static-class-fields-redefine-readonly': [ '7.28.3' ],
57 silly audit   '@babel/plugin-proposal-class-properties': [ '7.18.6' ],
57 silly audit   '@babel/plugin-proposal-decorators': [ '7.28.0' ],
57 silly audit   '@babel/plugin-proposal-private-property-in-object': [ '7.21.0-placeholder-for-preset-env.2' ],
57 silly audit   '@babel/plugin-syntax-decorators': [ '7.27.1' ],
57 silly audit   '@babel/plugin-syntax-dynamic-import': [ '7.8.3' ],
57 silly audit   '@babel/plugin-syntax-import-assertions': [ '7.27.1' ],
57 silly audit   '@babel/plugin-syntax-import-attributes': [ '7.27.1' ],
57 silly audit   '@babel/plugin-syntax-jsx': [ '7.27.1' ],
57 silly audit   '@babel/plugin-syntax-unicode-sets-regex': [ '7.18.6' ],
57 silly audit   '@babel/plugin-transform-arrow-functions': [ '7.27.1' ],
57 silly audit   '@babel/plugin-transform-async-generator-functions': [ '7.28.0' ],
57 silly audit   '@babel/plugin-transform-async-to-generator': [ '7.27.1' ],
57 silly audit   '@babel/plugin-transform-block-scoped-functions': [ '7.27.1' ],
57 silly audit   '@babel/plugin-transform-block-scoping': [ '7.28.4' ],
57 silly audit   '@babel/plugin-transform-class-properties': [ '7.27.1' ],
57 silly audit   '@babel/plugin-transform-class-static-block': [ '7.28.3' ],
57 silly audit   '@babel/plugin-transform-classes': [ '7.28.4' ],
57 silly audit   '@babel/plugin-transform-computed-properties': [ '7.27.1' ],
57 silly audit   '@babel/plugin-transform-destructuring': [ '7.28.0' ],
57 silly audit   '@babel/plugin-transform-dotall-regex': [ '7.27.1' ],
57 silly audit   '@babel/plugin-transform-duplicate-keys': [ '7.27.1' ],
57 silly audit   '@babel/plugin-transform-duplicate-named-capturing-groups-regex': [ '7.27.1' ],
57 silly audit   '@babel/plugin-transform-dynamic-import': [ '7.27.1' ],
57 silly audit   '@babel/plugin-transform-explicit-resource-management': [ '7.28.0' ],
57 silly audit   '@babel/plugin-transform-exponentiation-operator': [ '7.27.1' ],
57 silly audit   '@babel/plugin-transform-export-namespace-from': [ '7.27.1' ],
57 silly audit   '@babel/plugin-transform-for-of': [ '7.27.1' ],
57 silly audit   '@babel/plugin-transform-function-name': [ '7.27.1' ],
57 silly audit   '@babel/plugin-transform-json-strings': [ '7.27.1' ],
57 silly audit   '@babel/plugin-transform-literals': [ '7.27.1' ],
57 silly audit   '@babel/plugin-transform-logical-assignment-operators': [ '7.27.1' ],
57 silly audit   '@babel/plugin-transform-member-expression-literals': [ '7.27.1' ],
57 silly audit   '@babel/plugin-transform-modules-amd': [ '7.27.1' ],
57 silly audit   '@babel/plugin-transform-modules-commonjs': [ '7.27.1' ],
57 silly audit   '@babel/plugin-transform-modules-systemjs': [ '7.27.1' ],
57 silly audit   '@babel/plugin-transform-modules-umd': [ '7.27.1' ],
57 silly audit   '@babel/plugin-transform-named-capturing-groups-regex': [ '7.27.1' ],
57 silly audit   '@babel/plugin-transform-new-target': [ '7.27.1' ],
57 silly audit   '@babel/plugin-transform-nullish-coalescing-operator': [ '7.27.1' ],
57 silly audit   '@babel/plugin-transform-numeric-separator': [ '7.27.1' ],
57 silly audit   '@babel/plugin-transform-object-rest-spread': [ '7.28.4' ],
57 silly audit   '@babel/plugin-transform-object-super': [ '7.27.1' ],
57 silly audit   '@babel/plugin-transform-optional-catch-binding': [ '7.27.1' ],
57 silly audit   '@babel/plugin-transform-optional-chaining': [ '7.27.1' ],
57 silly audit   '@babel/plugin-transform-parameters': [ '7.27.7' ],
57 silly audit   '@babel/plugin-transform-private-methods': [ '7.27.1' ],
57 silly audit   '@babel/plugin-transform-private-property-in-object': [ '7.27.1' ],
57 silly audit   '@babel/plugin-transform-property-literals': [ '7.27.1' ],
57 silly audit   '@babel/plugin-transform-regenerator': [ '7.28.4' ],
57 silly audit   '@babel/plugin-transform-regexp-modifiers': [ '7.27.1' ],
57 silly audit   '@babel/plugin-transform-reserved-words': [ '7.27.1' ],
57 silly audit   '@babel/plugin-transform-runtime': [ '7.28.3' ],
57 silly audit   '@babel/plugin-transform-shorthand-properties': [ '7.27.1' ],
57 silly audit   '@babel/plugin-transform-spread': [ '7.27.1' ],
57 silly audit   '@babel/plugin-transform-sticky-regex': [ '7.27.1' ],
57 silly audit   '@babel/plugin-transform-template-literals': [ '7.27.1' ],
57 silly audit   '@babel/plugin-transform-typeof-symbol': [ '7.27.1' ],
57 silly audit   '@babel/plugin-transform-unicode-escapes': [ '7.27.1' ],
57 silly audit   '@babel/plugin-transform-unicode-property-regex': [ '7.27.1' ],
57 silly audit   '@babel/plugin-transform-unicode-regex': [ '7.27.1' ],
57 silly audit   '@babel/plugin-transform-unicode-sets-regex': [ '7.27.1' ],
57 silly audit   '@babel/preset-env': [ '7.28.3' ],
57 silly audit   '@babel/preset-modules': [ '0.1.6-no-external-plugins' ],
57 silly audit   '@babel/runtime': [ '7.28.4' ],
57 silly audit   '@babel/template': [ '7.27.2' ],
57 silly audit   '@babel/traverse': [ '7.28.4' ],
57 silly audit   '@babel/types': [ '7.28.4' ],
57 silly audit   '@hapi/address': [ '2.1.4' ],
57 silly audit   '@hapi/bourne': [ '1.3.2' ],
57 silly audit   '@hapi/hoek': [ '8.5.1' ],
57 silly audit   '@hapi/joi': [ '15.1.1' ],
57 silly audit   '@hapi/topo': [ '3.1.6' ],
57 silly audit   '@intervolga/optimize-cssnano-plugin': [ '1.0.6' ],
57 silly audit   '@jridgewell/gen-mapping': [ '0.3.13' ],
57 silly audit   '@jridgewell/remapping': [ '2.3.5' ],
57 silly audit   '@jridgewell/resolve-uri': [ '3.1.2' ],
57 silly audit   '@jridgewell/sourcemap-codec': [ '1.5.5' ],
57 silly audit   '@jridgewell/trace-mapping': [ '0.3.31' ],
57 silly audit   '@mrmlnc/readdir-enhanced': [ '2.2.1' ],
57 silly audit   '@node-ipc/js-queue': [ '2.0.3' ],
57 silly audit   '@nodelib/fs.stat': [ '1.1.3' ],
57 silly audit   '@soda/friendly-errors-webpack-plugin': [ '1.8.1' ],
57 silly audit   '@soda/get-current-script': [ '1.0.2' ],
57 silly audit   '@types/body-parser': [ '1.19.6' ],
57 silly audit   '@types/connect': [ '3.4.38' ],
57 silly audit   '@types/connect-history-api-fallback': [ '1.5.4' ],
57 silly audit   '@types/express': [ '5.0.3' ],
57 silly audit   '@types/express-serve-static-core': [ '5.1.0' ],
57 silly audit   '@types/glob': [ '7.2.0' ],
57 silly audit   '@types/http-errors': [ '2.0.5' ],
57 silly audit   '@types/http-proxy': [ '1.17.16' ],
57 silly audit   '@types/json-schema': [ '7.0.15' ],
57 silly audit   '@types/mime': [ '1.3.5' ],
57 silly audit   '@types/minimatch': [ '5.1.2' ],
57 silly audit   '@types/minimist': [ '1.2.5' ],
57 silly audit   '@types/node': [ '24.7.2' ],
57 silly audit   '@types/normalize-package-data': [ '2.4.4' ],
57 silly audit   '@types/q': [ '1.5.8' ],
57 silly audit   '@types/qs': [ '6.14.0' ],
57 silly audit   '@types/range-parser': [ '1.2.7' ],
57 silly audit   '@types/send': [ '1.2.0', '0.17.5' ],
57 silly audit   '@types/serve-static': [ '1.15.9' ],
57 silly audit   '@types/source-list-map': [ '0.1.6' ],
57 silly audit   '@types/tapable': [ '1.0.12' ],
57 silly audit   '@types/uglify-js': [ '3.17.5' ],
57 silly audit   '@types/webpack': [ '4.41.40' ],
57 silly audit   '@types/webpack-dev-server': [ '3.11.6' ],
57 silly audit   '@types/webpack-sources': [ '3.2.3' ],
57 silly audit   'source-map': [ '0.7.6', '0.5.7', '0.6.1' ],
57 silly audit   '@vue/babel-helper-vue-jsx-merge-props': [ '1.4.0' ],
57 silly audit   '@vue/babel-helper-vue-transform-on': [ '1.5.0' ],
57 silly audit   '@vue/babel-plugin-jsx': [ '1.5.0' ],
57 silly audit   '@vue/babel-plugin-resolve-type': [ '1.5.0' ],
57 silly audit   '@vue/babel-plugin-transform-vue-jsx': [ '1.4.0' ],
57 silly audit   '@vue/babel-preset-app': [ '4.5.19' ],
57 silly audit   '@vue/babel-preset-jsx': [ '1.4.0' ],
57 silly audit   '@vue/babel-sugar-composition-api-inject-h': [ '1.4.0' ],
57 silly audit   '@vue/babel-sugar-composition-api-render-instance': [ '1.4.0' ],
57 silly audit   '@vue/babel-sugar-functional-vue': [ '1.4.0' ],
57 silly audit   '@vue/babel-sugar-inject-h': [ '1.4.0' ],
57 silly audit   '@vue/babel-sugar-v-model': [ '1.4.0' ],
57 silly audit   '@vue/babel-sugar-v-on': [ '1.4.0' ],
57 silly audit   '@vue/cli-overlay': [ '4.5.19' ],
57 silly audit   '@vue/cli-plugin-babel': [ '4.5.19' ],
57 silly audit   '@vue/cli-plugin-eslint': [ '4.5.19' ],
57 silly audit   '@vue/cli-plugin-router': [ '4.5.19' ],
57 silly audit   '@vue/cli-plugin-vuex': [ '4.5.19' ],
57 silly audit   '@vue/cli-service': [ '4.5.19' ],
57 silly audit   dotenv: [ '8.6.0', '17.2.3' ],
57 silly audit   '@vue/cli-shared-utils': [ '4.5.19' ],
57 silly audit   'ansi-styles': [ '3.2.1', '4.3.0' ],
57 silly audit   chalk: [ '2.4.2', '3.0.0', '4.1.2' ],
57 silly audit   'color-convert': [ '1.9.3', '2.0.1' ],
57 silly audit   'color-name': [ '1.1.3', '1.1.4' ],
57 silly audit   'has-flag': [ '3.0.0', '4.0.0' ],
57 silly audit   'supports-color': [ '5.5.0', '7.2.0', '6.1.0' ],
57 silly audit   '@vue/compiler-core': [ '3.5.22' ],
57 silly audit   '@vue/compiler-dom': [ '3.5.22' ],
57 silly audit   '@vue/compiler-sfc': [ '3.5.22', '2.7.16' ],
57 silly audit   postcss: [ '8.5.6', '7.0.39' ],
57 silly audit   '@vue/compiler-ssr': [ '3.5.22' ],
57 silly audit   '@vue/component-compiler-utils': [ '3.3.0' ],
57 silly audit   'hash-sum': [ '1.0.2', '2.0.0' ],
57 silly audit   'lru-cache': [ '4.1.5', '5.1.1', '7.18.3' ],
57 silly audit   yallist: [ '2.1.2', '4.0.0', '3.1.1' ],
57 silly audit   '@vue/preload-webpack-plugin': [ '1.1.2' ],
57 silly audit   '@vue/shared': [ '3.5.22' ],
57 silly audit   '@vue/web-component-wrapper': [ '1.3.0' ],
57 silly audit   '@webassemblyjs/ast': [ '1.9.0' ],
57 silly audit   '@webassemblyjs/floating-point-hex-parser': [ '1.9.0' ],
57 silly audit   '@webassemblyjs/helper-api-error': [ '1.9.0' ],
57 silly audit   '@webassemblyjs/helper-buffer': [ '1.9.0' ],
57 silly audit   '@webassemblyjs/helper-code-frame': [ '1.9.0' ],
57 silly audit   '@webassemblyjs/helper-fsm': [ '1.9.0' ],
57 silly audit   '@webassemblyjs/helper-module-context': [ '1.9.0' ],
57 silly audit   '@webassemblyjs/helper-wasm-bytecode': [ '1.9.0' ],
57 silly audit   '@webassemblyjs/helper-wasm-section': [ '1.9.0' ],
57 silly audit   '@webassemblyjs/ieee754': [ '1.9.0' ],
57 silly audit   '@webassemblyjs/leb128': [ '1.9.0' ],
57 silly audit   '@webassemblyjs/utf8': [ '1.9.0' ],
57 silly audit   '@webassemblyjs/wasm-edit': [ '1.9.0' ],
57 silly audit   '@webassemblyjs/wasm-gen': [ '1.9.0' ],
57 silly audit   '@webassemblyjs/wasm-opt': [ '1.9.0' ],
57 silly audit   '@webassemblyjs/wasm-parser': [ '1.9.0' ],
57 silly audit   '@webassemblyjs/wast-parser': [ '1.9.0' ],
57 silly audit   '@webassemblyjs/wast-printer': [ '1.9.0' ],
57 silly audit   '@xtuc/ieee754': [ '1.2.0' ],
57 silly audit   '@xtuc/long': [ '4.2.2' ],
57 silly audit   accepts: [ '1.3.8', '2.0.0' ],
57 silly audit   acorn: [ '7.4.1', '6.4.2' ],
57 silly audit   'acorn-jsx': [ '5.3.2' ],
57 silly audit   'acorn-walk': [ '7.2.0' ],
57 silly audit   address: [ '1.2.2' ],
57 silly audit   ajv: [ '6.12.6' ],
57 silly audit   'ajv-errors': [ '1.0.1' ],
57 silly audit   'ajv-keywords': [ '3.5.2' ],
57 silly audit   'alphanum-sort': [ '1.0.2' ],
57 silly audit   'ansi-colors': [ '3.2.4' ],
57 silly audit   'ansi-escapes': [ '4.3.2' ],
57 silly audit   'ansi-html-community': [ '0.0.8' ],
57 silly audit   'ansi-regex': [ '5.0.1', '4.1.1', '2.1.1' ],
57 silly audit   'any-promise': [ '1.3.0' ],
57 silly audit   anymatch: [ '3.1.3', '2.0.0' ],
57 silly audit   aproba: [ '1.2.0' ],
57 silly audit   arch: [ '2.2.0' ],
57 silly audit   argparse: [ '1.0.10' ],
57 silly audit   'arr-diff': [ '4.0.0' ],
57 silly audit   'arr-flatten': [ '1.1.0' ],
57 silly audit   'arr-union': [ '3.1.0' ],
57 silly audit   'array-buffer-byte-length': [ '1.0.2' ],
57 silly audit   'array-flatten': [ '1.1.1', '2.1.2' ],
57 silly audit   'array-union': [ '1.0.2' ],
57 silly audit   'array-uniq': [ '1.0.3' ],
57 silly audit   'array-unique': [ '0.3.2' ],
57 silly audit   'array.prototype.reduce': [ '1.0.8' ],
57 silly audit   'arraybuffer.prototype.slice': [ '1.0.4' ],
57 silly audit   asn1: [ '0.2.6' ],
57 silly audit   'asn1.js': [ '4.10.1' ],
57 silly audit   'bn.js': [ '4.12.2', '5.2.2' ],
57 silly audit   assert: [ '1.5.1' ],
57 silly audit   'assert-plus': [ '1.0.0' ],
57 silly audit   inherits: [ '2.0.3', '2.0.4' ],
57 silly audit   util: [ '0.10.4', '0.11.1' ],
57 silly audit   'assign-symbols': [ '1.0.0' ],
57 silly audit   'astral-regex': [ '1.0.0' ],
57 silly audit   async: [ '3.2.6' ],
57 silly audit   'async-each': [ '1.0.6' ],
57 silly audit   'async-function': [ '1.0.0' ],
57 silly audit   'async-limiter': [ '1.0.1' ],
57 silly audit   'async-validator': [ '1.8.5' ],
57 silly audit   asynckit: [ '0.4.0' ],
57 silly audit   atob: [ '2.1.2' ],
57 silly audit   autoprefixer: [ '9.8.8' ],
57 silly audit   picocolors: [ '0.2.1', '1.1.1' ],
57 silly audit   'available-typed-arrays': [ '1.0.7' ],
57 silly audit   'aws-sign2': [ '0.7.0' ],
57 silly audit   'aws-ssl-profiles': [ '1.1.2' ],
57 silly audit   aws4: [ '1.13.2' ],
57 silly audit   axios: [ '1.12.2' ],
57 silly audit   'form-data': [ '4.0.4', '2.3.3' ],
57 silly audit   'babel-eslint': [ '10.1.0' ],
57 silly audit   'babel-helper-vue-jsx-merge-props': [ '2.0.3' ],
57 silly audit   'babel-loader': [ '8.4.1' ],
57 silly audit   'babel-plugin-dynamic-import-node': [ '2.3.3' ],
57 silly audit   'babel-plugin-polyfill-corejs2': [ '0.4.14' ],
57 silly audit   'babel-plugin-polyfill-corejs3': [ '0.13.0' ],
57 silly audit   'babel-plugin-polyfill-regenerator': [ '0.6.5' ],
57 silly audit   'babel-runtime': [ '6.26.0' ],
57 silly audit   'core-js': [ '2.6.12', '3.46.0' ],
57 silly audit   'balanced-match': [ '1.0.2' ],
57 silly audit   base: [ '0.11.2' ],
57 silly audit   'define-property': [ '1.0.0', '0.2.5', '2.0.2' ],
57 silly audit   'base64-js': [ '1.5.1' ],
57 silly audit   'baseline-browser-mapping': [ '2.8.16' ],
57 silly audit   batch: [ '0.6.1' ],
57 silly audit   'bcrypt-pbkdf': [ '1.0.2' ],
57 silly audit   bcryptjs: [ '3.0.2' ],
57 silly audit   bfj: [ '6.1.2' ],
57 silly audit   'big.js': [ '5.2.2', '3.2.0' ],
57 silly audit   'binary-extensions': [ '2.3.0', '1.13.1' ],
57 silly audit   bindings: [ '1.5.0' ],
57 silly audit   bluebird: [ '3.7.2' ],
57 silly audit   'body-parser': [ '2.2.0', '1.20.3' ],
57 silly audit   'iconv-lite': [ '0.6.3', '0.4.24', '0.7.0' ],
57 silly audit   qs: [ '6.14.0', '6.5.3', '6.13.0' ],
57 silly audit   bonjour: [ '3.5.0' ],
57 silly audit   boolbase: [ '1.0.0' ],
57 silly audit   'brace-expansion': [ '1.1.12' ],
57 silly audit   braces: [ '2.3.2', '3.0.3' ],
57 silly audit   'extend-shallow': [ '2.0.1', '3.0.2' ],
57 silly audit   'is-extendable': [ '0.1.1', '1.0.1' ],
57 silly audit   brorand: [ '1.1.0' ],
57 silly audit   'browserify-aes': [ '1.2.0' ],
57 silly audit   'browserify-cipher': [ '1.0.1' ],
57 silly audit   'browserify-des': [ '1.0.2' ],
57 silly audit   'browserify-rsa': [ '4.1.1' ],
57 silly audit   'safe-buffer': [ '5.2.1', '5.1.2' ],
57 silly audit   'browserify-sign': [ '4.2.5' ],
57 silly audit   'browserify-zlib': [ '0.2.0' ],
57 silly audit   browserslist: [ '4.26.3' ],
57 silly audit   buffer: [ '4.9.2' ],
57 silly audit   'buffer-equal-constant-time': [ '1.0.1' ],
57 silly audit   'buffer-from': [ '1.1.2' ],
57 silly audit   'buffer-indexof': [ '1.1.1' ],
57 silly audit   'buffer-json': [ '2.0.0' ],
57 silly audit   'buffer-xor': [ '1.0.3' ],
57 silly audit   'builtin-status-codes': [ '3.0.0' ],
57 silly audit   bytes: [ '3.1.2' ],
57 silly audit   cacache: [ '12.0.4' ],
57 silly audit   ssri: [ '6.0.2', '8.0.1' ],
57 silly audit   'cache-base': [ '1.0.1' ],
57 silly audit   'cache-loader': [ '4.1.0' ],
57 silly audit   json5: [ '1.0.2', '0.5.1', '2.2.3' ],
57 silly audit   'loader-utils': [ '1.4.2', '0.2.17', '2.0.4' ],
57 silly audit   'call-bind': [ '1.0.8' ],
57 silly audit   'call-bind-apply-helpers': [ '1.0.2' ],
57 silly audit   'call-bound': [ '1.0.4' ],
57 silly audit   'call-me-maybe': [ '1.0.2' ],
57 silly audit   'caller-callsite': [ '2.0.0' ],
57 silly audit   'caller-path': [ '2.0.0' ],
57 silly audit   callsites: [ '2.0.0', '3.1.0' ],
57 silly audit   'camel-case': [ '3.0.0' ],
57 silly audit   camelcase: [ '5.3.1' ],
57 silly audit   'caniuse-api': [ '3.0.0' ],
57 silly audit   'caniuse-lite': [ '1.0.30001750' ],
57 silly audit   'case-sensitive-paths-webpack-plugin': [ '2.4.0' ],
57 silly audit   caseless: [ '0.12.0' ],
57 silly audit   chardet: [ '0.7.0' ],
57 silly audit   'check-types': [ '8.0.3' ],
57 silly audit   chokidar: [ '3.6.0', '2.1.8' ],
57 silly audit   'fill-range': [ '7.1.1', '4.0.0' ],
57 silly audit   'glob-parent': [ '5.1.2', '3.1.0' ],
57 silly audit   'is-number': [ '7.0.0', '3.0.0' ],
57 silly audit   'to-regex-range': [ '5.0.1', '2.1.1' ],
57 silly audit   chownr: [ '1.1.4' ],
57 silly audit   'chrome-trace-event': [ '1.0.4' ],
57 silly audit   'ci-info': [ '1.6.0' ],
57 silly audit   'cipher-base': [ '1.0.7' ],
57 silly audit   'class-utils': [ '0.3.6' ],
57 silly audit   'is-descriptor': [ '0.1.7', '1.0.3' ],
57 silly audit   'clean-css': [ '4.2.4' ],
57 silly audit   'cli-cursor': [ '3.1.0', '2.1.0' ],
57 silly audit   'cli-highlight': [ '2.1.11' ],
57 silly audit   'cli-spinners': [ '2.9.2' ],
57 silly audit   'cli-width': [ '3.0.0' ],
57 silly audit   clipboardy: [ '2.3.0' ],
57 silly audit   cliui: [ '6.0.0', '5.0.0', '7.0.4' ],
57 silly audit   clone: [ '1.0.4', '2.1.2' ],
57 silly audit   coa: [ '2.0.2' ],
57 silly audit   'collection-visit': [ '1.0.0' ],
57 silly audit   color: [ '3.2.1' ],
57 silly audit   'color-string': [ '1.9.1' ],
57 silly audit   'combined-stream': [ '1.0.8' ],
57 silly audit   commander: [ '2.17.1', '2.20.3', '2.19.0' ],
57 silly audit   commondir: [ '1.0.1' ],
57 silly audit   'component-emitter': [ '1.3.1' ],
57 silly audit   compressible: [ '2.0.18' ],
57 silly audit   compression: [ '1.8.1' ],
57 silly audit   debug: [ '2.6.9', '4.4.3', '3.2.7' ],
57 silly audit   ms: [ '2.0.0', '2.1.3' ],
57 silly audit   negotiator: [ '0.6.4', '1.0.0', '0.6.3' ],
57 silly audit   'concat-map': [ '0.0.1' ],
57 silly audit   'concat-stream': [ '1.6.2', '2.0.0' ],
57 silly audit   'connect-history-api-fallback': [ '1.6.0' ],
57 silly audit   'console-browserify': [ '1.2.0' ],
57 silly audit   consolidate: [ '0.15.1' ],
57 silly audit   'constants-browserify': [ '1.0.0' ],
57 silly audit   'content-disposition': [ '1.0.0', '0.5.4' ],
57 silly audit   'content-type': [ '1.0.5' ],
57 silly audit   'convert-source-map': [ '2.0.0' ],
57 silly audit   cookie: [ '0.7.1' ],
57 silly audit   'cookie-signature': [ '1.2.2', '1.0.6' ],
57 silly audit   'copy-concurrently': [ '1.0.5' ],
57 silly audit   'copy-descriptor': [ '0.1.1' ],
57 silly audit   'copy-webpack-plugin': [ '5.1.2' ],
57 silly audit   'find-cache-dir': [ '2.1.0', '3.3.2', '0.1.1' ],
57 silly audit   'find-up': [ '3.0.0', '4.1.0', '1.1.2' ],
57 silly audit   globby: [ '7.1.1', '6.1.0', '9.2.0' ],
57 silly audit   pify: [ '3.0.0', '2.3.0', '4.0.1' ],
57 silly audit   ignore: [ '3.3.10', '4.0.6' ],
57 silly audit   'locate-path': [ '3.0.0', '5.0.0' ],
57 silly audit   'make-dir': [ '2.1.0', '3.1.0' ],
57 silly audit   'p-locate': [ '3.0.0', '4.1.0' ],
57 silly audit   'path-exists': [ '3.0.0', '2.1.0', '4.0.0' ],
57 silly audit   'pkg-dir': [ '3.0.0', '1.0.0', '4.2.0' ],
57 silly audit   'schema-utils': [ '1.0.0', '2.7.1' ],
57 silly audit   semver: [ '5.7.2', '7.7.3', '6.3.1' ],
57 silly audit   slash: [ '1.0.0', '2.0.0' ],
57 silly audit   'core-js-compat': [ '3.46.0' ],
57 silly audit   'core-util-is': [ '1.0.3', '1.0.2' ],
57 silly audit   cors: [ '2.8.5' ],
57 silly audit   cosmiconfig: [ '5.2.1' ],
57 silly audit   'create-ecdh': [ '4.0.4' ],
57 silly audit   'create-hash': [ '1.2.0' ],
57 silly audit   'create-hmac': [ '1.1.7' ],
57 silly audit   'cross-spawn': [ '6.0.6', '7.0.6', '5.1.0' ],
57 silly audit   'crypto-browserify': [ '3.12.1' ],
57 silly audit   'css-color-names': [ '0.0.4' ],
57 silly audit   'css-declaration-sorter': [ '4.0.1' ],
57 silly audit   'css-loader': [ '3.6.0' ],
57 silly audit   'css-select': [ '4.3.0', '2.1.0' ],
57 silly audit   'css-select-base-adapter': [ '0.1.1' ],
57 silly audit   'css-tree': [ '1.0.0-alpha.37', '1.1.3' ],
57 silly audit   'css-what': [ '6.2.2', '3.4.2' ],
57 silly audit   cssesc: [ '3.0.0' ],
57 silly audit   cssnano: [ '4.1.11' ],
57 silly audit   'cssnano-preset-default': [ '4.0.8' ],
57 silly audit   'cssnano-util-get-arguments': [ '4.0.0' ],
57 silly audit   'cssnano-util-get-match': [ '4.0.0' ],
57 silly audit   'cssnano-util-raw-cache': [ '4.0.1' ],
57 silly audit   'cssnano-util-same-parent': [ '4.0.1' ],
57 silly audit   csso: [ '4.2.0' ],
57 silly audit   'mdn-data': [ '2.0.14', '2.0.4' ],
57 silly audit   csstype: [ '3.1.3' ],
57 silly audit   cyclist: [ '1.0.2' ],
57 silly audit   dashdash: [ '1.14.1' ],
57 silly audit   'data-view-buffer': [ '1.0.2' ],
57 silly audit   'data-view-byte-length': [ '1.0.2' ],
57 silly audit   'data-view-byte-offset': [ '1.0.1' ],
57 silly audit   'de-indent': [ '1.0.2' ],
57 silly audit   decamelize: [ '1.2.0' ],
57 silly audit   'decode-uri-component': [ '0.2.2' ],
57 silly audit   'deep-equal': [ '1.1.2' ],
57 silly audit   'deep-is': [ '0.1.4' ],
57 silly audit   deepmerge: [ '1.5.2' ],
57 silly audit   'default-gateway': [ '5.0.5', '4.2.0' ],
57 silly audit   execa: [ '3.4.0', '1.0.0', '0.8.0' ],
57 silly audit   'get-stream': [ '5.2.0', '4.1.0', '3.0.0' ],
57 silly audit   'is-stream': [ '2.0.1', '1.1.0' ],
57 silly audit   'npm-run-path': [ '4.0.1', '2.0.2' ],
57 silly audit   'p-finally': [ '2.0.1', '1.0.0' ],
57 silly audit   'path-key': [ '3.1.1', '2.0.1' ],
57 silly audit   'shebang-command': [ '2.0.0', '1.2.0' ],
57 silly audit   'shebang-regex': [ '3.0.0', '1.0.0' ],
57 silly audit   which: [ '2.0.2', '1.3.1' ],
57 silly audit   defaults: [ '1.0.4' ],
57 silly audit   'define-data-property': [ '1.1.4' ],
57 silly audit   'define-properties': [ '1.2.1' ],
57 silly audit   del: [ '4.1.1' ],
57 silly audit   'delayed-stream': [ '1.0.0' ],
57 silly audit   denque: [ '2.1.0' ],
57 silly audit   depd: [ '2.0.0', '1.1.2' ],
57 silly audit   'des.js': [ '1.1.0' ],
57 silly audit   destroy: [ '1.2.0' ],
57 silly audit   'detect-node': [ '2.1.0' ],
57 silly audit   'diffie-hellman': [ '5.0.3' ],
57 silly audit   'dir-glob': [ '2.2.2' ],
57 silly audit   'dns-equal': [ '1.0.0' ],
57 silly audit   'dns-packet': [ '1.3.4' ],
57 silly audit   'dns-txt': [ '2.0.2' ],
57 silly audit   doctrine: [ '3.0.0' ],
57 silly audit   'dom-converter': [ '0.2.0' ],
57 silly audit   'dom-serializer': [ '1.4.1', '0.2.2' ],
57 silly audit   entities: [ '2.2.0', '4.5.0' ],
57 silly audit   'domain-browser': [ '1.2.0' ],
57 silly audit   domelementtype: [ '2.3.0', '1.3.1' ],
57 silly audit   domhandler: [ '4.3.1' ],
57 silly audit   domutils: [ '2.8.0', '1.7.0' ],
57 silly audit   'dot-prop': [ '5.3.0' ],
57 silly audit   'dotenv-expand': [ '5.1.0' ],
57 silly audit   'dunder-proto': [ '1.0.1' ],
57 silly audit   duplexer: [ '0.1.2' ],
57 silly audit   duplexify: [ '3.7.1' ],
57 silly audit   'easy-stack': [ '1.0.1' ],
57 silly audit   'ecc-jsbn': [ '0.1.2' ],
57 silly audit   'ecdsa-sig-formatter': [ '1.0.11' ],
57 silly audit   echarts: [ '6.0.0' ],
57 silly audit   tslib: [ '2.3.0', '1.14.1' ],
57 silly audit   'ee-first': [ '1.1.1' ],
57 silly audit   ejs: [ '2.7.4' ],
57 silly audit   'electron-to-chromium': [ '1.5.234' ],
57 silly audit   'element-ui': [ '2.15.14' ],
57 silly audit   elliptic: [ '6.6.1' ],
57 silly audit   'emoji-regex': [ '8.0.0', '7.0.3' ],
57 silly audit   'emojis-list': [ '3.0.0', '2.1.0' ],
57 silly audit   encodeurl: [ '2.0.0', '1.0.2' ],
57 silly audit   'end-of-stream': [ '1.4.5' ],
57 silly audit   'enhanced-resolve': [ '4.5.0' ],
57 silly audit   'memory-fs': [ '0.5.0', '0.4.1' ],
57 silly audit   errno: [ '0.1.8' ],
57 silly audit   'error-ex': [ '1.3.4' ],
57 silly audit   'error-stack-parser': [ '2.1.4' ],
57 silly audit   'es-abstract': [ '1.24.0' ],
57 silly audit   'es-array-method-boxes-properly': [ '1.0.0' ],
57 silly audit   'es-define-property': [ '1.0.1' ],
57 silly audit   'es-errors': [ '1.3.0' ],
57 silly audit   'es-object-atoms': [ '1.1.1' ],
57 silly audit   'es-set-tostringtag': [ '2.1.0' ],
57 silly audit   'es-to-primitive': [ '1.3.0' ],
57 silly audit   escalade: [ '3.2.0' ],
57 silly audit   'escape-html': [ '1.0.3' ],
57 silly audit   'escape-string-regexp': [ '1.0.5' ],
57 silly audit   eslint: [ '6.8.0' ],
57 silly audit   'eslint-loader': [ '2.2.1' ],
57 silly audit   'eslint-plugin-vue': [ '6.2.2' ],
57 silly audit   'eslint-scope': [ '4.0.3', '5.1.1' ],
57 silly audit   'eslint-utils': [ '1.4.3' ],
57 silly audit   'eslint-visitor-keys': [ '1.3.0' ],
57 silly audit   'import-fresh': [ '3.3.1', '2.0.0' ],
57 silly audit   'resolve-from': [ '4.0.0', '3.0.0' ],
57 silly audit   'strip-ansi': [ '5.2.0', '3.0.1', '6.0.1' ],
57 silly audit   espree: [ '6.2.1' ],
57 silly audit   esprima: [ '4.0.1' ],
57 silly audit   esquery: [ '1.6.0' ],
57 silly audit   estraverse: [ '5.3.0', '4.3.0' ],
57 silly audit   esrecurse: [ '4.3.0' ],
57 silly audit   'estree-walker': [ '2.0.2' ],
57 silly audit   esutils: [ '2.0.3' ],
57 silly audit   etag: [ '1.8.1' ],
57 silly audit   'event-pubsub': [ '4.3.0' ],
57 silly audit   eventemitter3: [ '4.0.7', '2.0.3' ],
57 silly audit   events: [ '3.3.0' ],
57 silly audit   eventsource: [ '2.0.2' ],
57 silly audit   evp_bytestokey: [ '1.0.3' ],
57 silly audit   'expand-brackets': [ '2.1.4' ],
57 silly audit   express: [ '5.1.0', '4.21.2' ],
57 silly audit   'mime-db': [ '1.54.0', '1.52.0' ],
57 silly audit   'mime-types': [ '3.0.1', '2.1.35' ],
57 silly audit   extend: [ '3.0.2' ],
57 silly audit   'external-editor': [ '3.1.0' ],
57 silly audit   extglob: [ '2.0.4' ],
57 silly audit   extsprintf: [ '1.3.0' ],
57 silly audit   'fast-deep-equal': [ '3.1.3' ],
57 silly audit   'fast-diff': [ '1.1.2' ],
57 silly audit   'fast-glob': [ '2.2.7' ],
57 silly audit   'fast-json-stable-stringify': [ '2.1.0' ],
57 silly audit   'fast-levenshtein': [ '2.0.6' ],
57 silly audit   'faye-websocket': [ '0.11.4' ],
57 silly audit   'figgy-pudding': [ '3.5.2' ],
57 silly audit   figures: [ '3.2.0' ],
57 silly audit   'file-entry-cache': [ '5.0.1' ],
57 silly audit   'file-loader': [ '4.3.0' ],
57 silly audit   'file-uri-to-path': [ '1.0.0' ],
57 silly audit   filesize: [ '3.6.1' ],
57 silly audit   finalhandler: [ '2.1.0', '1.3.1' ],
57 silly audit   'flat-cache': [ '2.0.1' ],
57 silly audit   rimraf: [ '2.6.3', '2.7.1' ],
57 silly audit   flatted: [ '2.0.2' ],
57 silly audit   'flush-write-stream': [ '1.1.1' ],
57 silly audit   'follow-redirects': [ '1.15.11' ],
57 silly audit   'for-each': [ '0.3.5' ],
57 silly audit   'for-in': [ '1.0.2' ],
57 silly audit   'forever-agent': [ '0.6.1' ],
57 silly audit   forwarded: [ '0.2.0' ],
57 silly audit   'fragment-cache': [ '0.2.1' ],
57 silly audit   fresh: [ '2.0.0', '0.5.2' ],
57 silly audit   from2: [ '2.3.0' ],
57 silly audit   'fs-extra': [ '7.0.1' ],
57 silly audit   'fs-write-stream-atomic': [ '1.0.10' ],
57 silly audit   'fs.realpath': [ '1.0.0' ],
57 silly audit   fsevents: [ '2.3.3', '1.2.13' ],
57 silly audit   'function-bind': [ '1.1.2' ],
57 silly audit   'function.prototype.name': [ '1.1.8' ],
57 silly audit   'functional-red-black-tree': [ '1.0.1' ],
57 silly audit   'functions-have-names': [ '1.2.3' ],
57 silly audit   'generate-function': [ '2.3.1' ],
57 silly audit   'generator-function': [ '2.0.1' ],
57 silly audit   gensync: [ '1.0.0-beta.2' ],
57 silly audit   'get-caller-file': [ '2.0.5' ],
57 silly audit   'get-intrinsic': [ '1.3.0' ],
57 silly audit   'get-proto': [ '1.0.1' ],
57 silly audit   'get-symbol-description': [ '1.1.0' ],
57 silly audit   'get-value': [ '2.0.6' ],
57 silly audit   getpass: [ '0.1.7' ],
57 silly audit   glob: [ '7.2.3' ],
57 silly audit   'is-glob': [ '3.1.0', '4.0.3' ],
57 silly audit   'glob-to-regexp': [ '0.3.0' ],
57 silly audit   globals: [ '12.4.0' ],
57 silly audit   'type-fest': [ '0.8.1', '0.6.0', '0.21.3' ],
57 silly audit   globalthis: [ '1.0.4' ],
57 silly audit   gopd: [ '1.2.0' ],
57 silly audit   'graceful-fs': [ '4.2.11' ],
57 silly audit   'gzip-size': [ '5.1.1' ],
57 silly audit   'handle-thing': [ '2.0.1' ],
57 silly audit   'har-schema': [ '2.0.0' ],
57 silly audit   'har-validator': [ '5.1.5' ],
57 silly audit   has: [ '1.0.4' ],
57 silly audit   'has-bigints': [ '1.1.0' ],
57 silly audit   'has-property-descriptors': [ '1.0.2' ],
57 silly audit   'has-proto': [ '1.2.0' ],
57 silly audit   'has-symbols': [ '1.1.0' ],
57 silly audit   'has-tostringtag': [ '1.0.2' ],
57 silly audit   'has-value': [ '1.0.0', '0.3.1' ],
57 silly audit   'has-values': [ '1.0.0', '0.1.4' ],
57 silly audit   'kind-of': [ '4.0.0', '3.2.2', '6.0.3' ],
57 silly audit   'hash-base': [ '3.0.5', '3.1.2' ],
57 silly audit   'hash.js': [ '1.1.7' ],
57 silly audit   hasown: [ '2.0.2' ],
57 silly audit   he: [ '1.2.0' ],
57 silly audit   'hex-color-regex': [ '1.1.0' ],
57 silly audit   'highlight.js': [ '10.7.3' ],
57 silly audit   'hmac-drbg': [ '1.0.1' ],
57 silly audit   hoopy: [ '0.1.4' ],
57 silly audit   'hosted-git-info': [ '2.8.9' ],
57 silly audit   'hpack.js': [ '2.1.6' ],
57 silly audit   'hsl-regex': [ '1.0.0' ],
57 silly audit   'hsla-regex': [ '1.0.0' ],
57 silly audit   'html-entities': [ '1.4.0' ],
57 silly audit   'html-minifier': [ '3.5.21' ],
57 silly audit   'html-tags': [ '2.0.0' ],
57 silly audit   'html-webpack-plugin': [ '3.2.0' ],
57 silly audit   htmlparser2: [ '6.1.0' ],
57 silly audit   'http-deceiver': [ '1.2.7' ],
57 silly audit   'http-errors': [ '2.0.0', '1.6.3' ],
57 silly audit   statuses: [ '2.0.1', '1.5.0', '2.0.2' ],
57 silly audit   'http-parser-js': [ '0.5.10' ],
57 silly audit   'http-proxy': [ '1.18.1' ],
57 silly audit   'http-proxy-middleware': [ '1.3.1', '0.19.1' ],
57 silly audit   micromatch: [ '4.0.8', '3.1.10' ],
57 silly audit   'http-signature': [ '1.2.0' ],
57 silly audit   'https-browserify': [ '1.0.0' ],
57 silly audit   'human-signals': [ '1.1.1' ],
57 silly audit   'icss-utils': [ '4.1.1' ],
57 silly audit   ieee754: [ '1.2.1' ],
57 silly audit   iferr: [ '0.1.5' ],
57 silly audit   'import-cwd': [ '2.1.0' ],
57 silly audit   'import-from': [ '2.1.0' ],
57 silly audit   'import-local': [ '2.0.0' ],
57 silly audit   imurmurhash: [ '0.1.4' ],
57 silly audit   'indexes-of': [ '1.0.1' ],
57 silly audit   'infer-owner': [ '1.0.4' ],
57 silly audit   inflight: [ '1.0.6' ],
57 silly audit   inquirer: [ '7.3.3' ],
57 silly audit   'internal-ip': [ '4.3.0' ],
57 silly audit   'internal-slot': [ '1.1.0' ],
57 silly audit   ip: [ '1.1.9' ],
57 silly audit   'ip-regex': [ '2.1.0' ],
57 silly audit   'ipaddr.js': [ '1.9.1' ],
57 silly audit   'is-absolute-url': [ '2.1.0', '3.0.3' ],
57 silly audit   'is-accessor-descriptor': [ '1.0.1' ],
57 silly audit   'is-arguments': [ '1.2.0' ],
57 silly audit   'is-array-buffer': [ '3.0.5' ],
57 silly audit   'is-arrayish': [ '0.2.1', '0.3.4' ],
57 silly audit   'is-async-function': [ '2.1.1' ],
57 silly audit   'is-bigint': [ '1.1.0' ],
57 silly audit   'is-binary-path': [ '2.1.0', '1.0.1' ],
57 silly audit   'is-boolean-object': [ '1.2.2' ],
57 silly audit   'is-buffer': [ '1.1.6' ],
57 silly audit   'is-callable': [ '1.2.7' ],
57 silly audit   'is-ci': [ '1.2.1' ],
57 silly audit   'is-color-stop': [ '1.1.0' ],
57 silly audit   'is-core-module': [ '2.16.1' ],
57 silly audit   'is-data-descriptor': [ '1.0.1' ],
57 silly audit   'is-data-view': [ '1.0.2' ],
57 silly audit   'is-date-object': [ '1.1.0' ],
57 silly audit   'is-directory': [ '0.3.1' ],
57 silly audit   'is-docker': [ '2.2.1' ],
57 silly audit   'is-extglob': [ '2.1.1' ],
57 silly audit   'is-finalizationregistry': [ '1.1.1' ],
57 silly audit   'is-fullwidth-code-point': [ '3.0.0', '2.0.0' ],
57 silly audit   'is-generator-function': [ '1.1.2' ],
57 silly audit   'is-map': [ '2.0.3' ],
57 silly audit   'is-negative-zero': [ '2.0.3' ],
57 silly audit   'is-number-object': [ '1.1.1' ],
57 silly audit   'is-obj': [ '2.0.0' ],
57 silly audit   'is-path-cwd': [ '2.2.0' ],
57 silly audit   'is-path-in-cwd': [ '2.1.0' ],
57 silly audit   'is-path-inside': [ '2.1.0' ],
57 silly audit   'is-plain-obj': [ '3.0.0', '1.1.0' ],
57 silly audit   'is-plain-object': [ '2.0.4' ],
57 silly audit   'is-promise': [ '4.0.0' ],
57 silly audit   'is-property': [ '1.0.2' ],
57 silly audit   'is-regex': [ '1.2.1' ],
57 silly audit   'is-resolvable': [ '1.1.0' ],
57 silly audit   'is-set': [ '2.0.3' ],
57 silly audit   'is-shared-array-buffer': [ '1.0.4' ],
57 silly audit   'is-string': [ '1.1.1' ],
57 silly audit   'is-symbol': [ '1.1.1' ],
57 silly audit   'is-typed-array': [ '1.1.15' ],
57 silly audit   'is-typedarray': [ '1.0.0' ],
57 silly audit   'is-weakmap': [ '2.0.2' ],
57 silly audit   'is-weakref': [ '1.1.1' ],
57 silly audit   'is-weakset': [ '2.0.4' ],
57 silly audit   'is-windows': [ '1.0.2' ],
57 silly audit   'is-wsl': [ '2.2.0', '1.1.0' ],
57 silly audit   isarray: [ '1.0.0', '2.0.5' ],
57 silly audit   isexe: [ '2.0.0' ],
57 silly audit   isobject: [ '3.0.1', '2.1.0' ],
57 silly audit   isstream: [ '0.1.2' ],
57 silly audit   'javascript-stringify': [ '2.1.0' ],
57 silly audit   'js-message': [ '1.0.7' ],
57 silly audit   'js-tokens': [ '4.0.0' ],
57 silly audit   'js-yaml': [ '3.14.1' ],
57 silly audit   jsbn: [ '0.1.1' ],
57 silly audit   jsesc: [ '3.1.0' ],
57 silly audit   'json-parse-better-errors': [ '1.0.2' ],
57 silly audit   'json-parse-even-better-errors': [ '2.3.1' ],
57 silly audit   'json-schema': [ '0.4.0' ],
57 silly audit   'json-schema-traverse': [ '0.4.1' ],
57 silly audit   'json-stable-stringify-without-jsonify': [ '1.0.1' ],
57 silly audit   'json-stringify-safe': [ '5.0.1' ],
57 silly audit   jsonfile: [ '4.0.0' ],
57 silly audit   jsonwebtoken: [ '9.0.2' ],
57 silly audit   jsprim: [ '1.4.2' ],
57 silly audit   jwa: [ '1.4.2' ],
57 silly audit   jws: [ '3.2.2' ],
57 silly audit   killable: [ '1.0.1' ],
57 silly audit   'launch-editor': [ '2.11.1' ],
57 silly audit   'launch-editor-middleware': [ '2.11.1' ],
57 silly audit   levn: [ '0.3.0' ],
57 silly audit   'lines-and-columns': [ '1.2.4' ],
57 silly audit   'loader-fs-cache': [ '1.0.3' ],
57 silly audit   'loader-runner': [ '2.4.0' ],
57 silly audit   lodash: [ '4.17.21' ],
57 silly audit   'lodash.debounce': [ '4.0.8' ],
57 silly audit   'lodash.defaultsdeep': [ '4.6.1' ],
57 silly audit   'lodash.includes': [ '4.3.0' ],
57 silly audit   'lodash.isboolean': [ '3.0.3' ],
57 silly audit   'lodash.isinteger': [ '4.0.4' ],
57 silly audit   'lodash.isnumber': [ '3.0.3' ],
57 silly audit   'lodash.isplainobject': [ '4.0.6' ],
57 silly audit   'lodash.isstring': [ '4.0.1' ],
57 silly audit   'lodash.kebabcase': [ '4.1.1' ],
57 silly audit   'lodash.mapvalues': [ '4.6.0' ],
57 silly audit   'lodash.memoize': [ '4.1.2' ],
57 silly audit   'lodash.once': [ '4.1.1' ],
57 silly audit   'lodash.transform': [ '4.6.0' ],
57 silly audit   'lodash.uniq': [ '4.5.0' ],
57 silly audit   'log-symbols': [ '2.2.0' ],
57 silly audit   loglevel: [ '1.9.2' ],
57 silly audit   long: [ '5.3.2' ],
57 silly audit   'lower-case': [ '1.1.4' ],
57 silly audit   'lru.min': [ '1.1.2' ],
57 silly audit   'magic-string': [ '0.30.19' ],
57 silly audit   'map-cache': [ '0.2.2' ],
57 silly audit   'map-visit': [ '1.0.0' ],
57 silly audit   'math-intrinsics': [ '1.1.0' ],
57 silly audit   'md5.js': [ '1.3.5' ],
57 silly audit   'media-typer': [ '1.1.0', '0.3.0' ],
57 silly audit   'merge-descriptors': [ '2.0.0', '1.0.3' ],
57 silly audit   'merge-source-map': [ '1.1.0' ],
57 silly audit   'merge-stream': [ '2.0.0' ],
57 silly audit   merge2: [ '1.4.1' ],
57 silly audit   methods: [ '1.1.2' ],
57 silly audit   'miller-rabin': [ '4.0.1' ],
57 silly audit   mime: [ '2.6.0', '1.6.0' ],
57 silly audit   'mimic-fn': [ '2.1.0', '1.2.0' ],
57 silly audit   'mini-css-extract-plugin': [ '0.9.0' ],
57 silly audit   'minimalistic-assert': [ '1.0.1' ],
57 silly audit   'minimalistic-crypto-utils': [ '1.0.1' ],
57 silly audit   minimatch: [ '3.1.2' ],
57 silly audit   minimist: [ '1.2.8' ],
57 silly audit   minipass: [ '3.3.6' ],
57 silly audit   mississippi: [ '3.0.0' ],
57 silly audit   'mixin-deep': [ '1.3.2' ],
57 silly audit   mkdirp: [ '0.5.6' ],
57 silly audit   'move-concurrently': [ '1.0.1' ],
57 silly audit   'multicast-dns': [ '6.2.3' ],
57 silly audit   'multicast-dns-service-types': [ '1.1.0' ],
57 silly audit   'mute-stream': [ '0.0.8' ],
57 silly audit   mysql2: [ '3.15.2' ],
57 silly audit   mz: [ '2.7.0' ],
57 silly audit   'named-placeholders': [ '1.1.3' ],
57 silly audit   nan: [ '2.23.0' ],
57 silly audit   nanoid: [ '3.3.11' ],
57 silly audit   nanomatch: [ '1.2.13' ],
57 silly audit   'natural-compare': [ '1.4.0' ],
57 silly audit   'neo-async': [ '2.6.2' ],
57 silly audit   'nice-try': [ '1.0.5' ],
57 silly audit   'no-case': [ '2.3.2' ],
57 silly audit   'node-forge': [ '0.10.0' ],
57 silly audit   'node-libs-browser': [ '2.2.1' ],
57 silly audit   punycode: [ '1.4.1', '2.3.1' ],
57 silly audit   'node-releases': [ '2.0.23' ],
57 silly audit   'normalize-package-data': [ '2.5.0' ],
57 silly audit   'normalize-path': [ '3.0.0', '2.1.1', '1.0.0' ],
57 silly audit   'normalize-range': [ '0.1.2' ],
57 silly audit   'normalize-url': [ '1.9.1', '3.3.0' ],
57 silly audit   'normalize-wheel': [ '1.0.1' ],
57 silly audit   'nth-check': [ '2.1.1', '1.0.2' ],
57 silly audit   num2fraction: [ '1.2.2' ],
57 silly audit   'oauth-sign': [ '0.9.0' ],
57 silly audit   'object-assign': [ '4.1.1' ],
57 silly audit   'object-copy': [ '0.1.0' ],
57 silly audit   'object-hash': [ '1.3.1' ],
57 silly audit   'object-inspect': [ '1.13.4' ],
57 silly audit   'object-is': [ '1.1.6' ],
57 silly audit   'object-keys': [ '1.1.1' ],
57 silly audit   'object-visit': [ '1.0.1' ],
57 silly audit   'object.assign': [ '4.1.7' ],
57 silly audit   'object.getownpropertydescriptors': [ '2.1.8' ],
57 silly audit   'object.pick': [ '1.3.0' ],
57 silly audit   'object.values': [ '1.2.1' ],
57 silly audit   obuf: [ '1.1.2' ],
57 silly audit   'on-finished': [ '2.4.1' ],
57 silly audit   'on-headers': [ '1.1.0' ],
57 silly audit   once: [ '1.4.0' ],
57 silly audit   onetime: [ '5.1.2', '2.0.1' ],
57 silly audit   open: [ '6.4.0' ],
57 silly audit   opener: [ '1.5.2' ],
57 silly audit   opn: [ '5.5.0' ],
57 silly audit   optionator: [ '0.8.3' ],
57 silly audit   ora: [ '3.4.0' ],
57 silly audit   'restore-cursor': [ '2.0.0', '3.1.0' ],
57 silly audit   'os-browserify': [ '0.3.0' ],
57 silly audit   'os-tmpdir': [ '1.0.2' ],
57 silly audit   'own-keys': [ '1.0.1' ],
57 silly audit   'p-limit': [ '2.3.0' ],
57 silly audit   'p-map': [ '2.1.0' ],
57 silly audit   'p-retry': [ '3.0.1' ],
57 silly audit   'p-try': [ '2.2.0' ],
57 silly audit   pako: [ '1.0.11' ],
57 silly audit   'parallel-transform': [ '1.2.0' ],
57 silly audit   'param-case': [ '2.1.1' ],
57 silly audit   parchment: [ '1.1.4' ],
57 silly audit   'parent-module': [ '1.0.1' ],
57 silly audit   'parse-asn1': [ '5.1.9' ],
57 silly audit   'parse-json': [ '4.0.0', '5.2.0' ],
57 silly audit   parse5: [ '5.1.1', '6.0.1' ],
57 silly audit   'parse5-htmlparser2-tree-adapter': [ '6.0.1' ],
57 silly audit   parseurl: [ '1.3.3' ],
57 silly audit   pascalcase: [ '0.1.1' ],
57 silly audit   'path-browserify': [ '0.0.1' ],
57 silly audit   'path-dirname': [ '1.0.2' ],
57 silly audit   'path-is-absolute': [ '1.0.1' ],
57 silly audit   'path-is-inside': [ '1.0.2' ],
57 silly audit   'path-parse': [ '1.0.7' ],
57 silly audit   'path-to-regexp': [ '8.3.0', '0.1.12' ],
57 silly audit   'path-type': [ '3.0.0' ],
57 silly audit   pbkdf2: [ '3.1.5' ],
57 silly audit   'performance-now': [ '2.1.0' ],
57 silly audit   picomatch: [ '2.3.1' ],
57 silly audit   pinkie: [ '2.0.4' ],
57 silly audit   'pinkie-promise': [ '2.0.1' ],
57 silly audit   'pnp-webpack-plugin': [ '1.7.0' ],
57 silly audit   portfinder: [ '1.0.38' ],
57 silly audit   'posix-character-classes': [ '0.1.1' ],
57 silly audit   'possible-typed-array-names': [ '1.1.0' ],
57 silly audit   'postcss-calc': [ '7.0.5' ],
57 silly audit   'postcss-colormin': [ '4.0.3' ],
57 silly audit   'postcss-value-parser': [ '3.3.1', '4.2.0' ],
57 silly audit   'postcss-convert-values': [ '4.0.1' ],
57 silly audit   'postcss-discard-comments': [ '4.0.2' ],
57 silly audit   'postcss-discard-duplicates': [ '4.0.2' ],
57 silly audit   'postcss-discard-empty': [ '4.0.1' ],
57 silly audit   'postcss-discard-overridden': [ '4.0.1' ],
57 silly audit   'postcss-load-config': [ '2.1.2' ],
57 silly audit   'postcss-loader': [ '3.0.0' ],
57 silly audit   'postcss-merge-longhand': [ '4.0.11' ],
57 silly audit   'postcss-merge-rules': [ '4.0.3' ],
57 silly audit   'postcss-selector-parser': [ '3.1.2', '6.1.2' ],
57 silly audit   'postcss-minify-font-values': [ '4.0.2' ],
57 silly audit   'postcss-minify-gradients': [ '4.0.2' ],
57 silly audit   'postcss-minify-params': [ '4.0.2' ],
57 silly audit   'postcss-minify-selectors': [ '4.0.2' ],
57 silly audit   'postcss-modules-extract-imports': [ '2.0.0' ],
57 silly audit   'postcss-modules-local-by-default': [ '3.0.3' ],
57 silly audit   'postcss-modules-scope': [ '2.2.0' ],
57 silly audit   'postcss-modules-values': [ '3.0.0' ],
57 silly audit   'postcss-normalize-charset': [ '4.0.1' ],
57 silly audit   'postcss-normalize-display-values': [ '4.0.2' ],
57 silly audit   'postcss-normalize-positions': [ '4.0.2' ],
57 silly audit   'postcss-normalize-repeat-style': [ '4.0.2' ],
57 silly audit   'postcss-normalize-string': [ '4.0.2' ],
57 silly audit   'postcss-normalize-timing-functions': [ '4.0.2' ],
57 silly audit   'postcss-normalize-unicode': [ '4.0.1' ],
57 silly audit   'postcss-normalize-url': [ '4.0.1' ],
57 silly audit   'postcss-normalize-whitespace': [ '4.0.2' ],
57 silly audit   'postcss-ordered-values': [ '4.1.2' ],
57 silly audit   'postcss-reduce-initial': [ '4.0.3' ],
57 silly audit   'postcss-reduce-transforms': [ '4.0.2' ],
57 silly audit   'postcss-svgo': [ '4.0.3' ],
57 silly audit   'postcss-unique-selectors': [ '4.0.1' ],
57 silly audit   'prelude-ls': [ '1.1.2' ],
57 silly audit   'prepend-http': [ '1.0.4' ],
57 silly audit   prettier: [ '2.8.8' ],
57 silly audit   'pretty-error': [ '2.1.2' ],
57 silly audit   process: [ '0.11.10' ],
57 silly audit   'process-nextick-args': [ '2.0.1' ],
57 silly audit   progress: [ '2.0.3' ],
57 silly audit   'promise-inflight': [ '1.0.1' ],
57 silly audit   'proxy-addr': [ '2.0.7' ],
57 silly audit   'proxy-from-env': [ '1.1.0' ],
57 silly audit   prr: [ '1.0.1' ],
57 silly audit   pseudomap: [ '1.0.2' ],
57 silly audit   psl: [ '1.15.0' ],
57 silly audit   'public-encrypt': [ '4.0.3' ],
57 silly audit   pump: [ '3.0.3', '2.0.1' ],
57 silly audit   pumpify: [ '1.5.1' ],
57 silly audit   q: [ '1.5.1' ],
57 silly audit   'query-string': [ '4.3.4' ],
57 silly audit   'querystring-es3': [ '0.2.1' ],
57 silly audit   querystringify: [ '2.2.0' ],
57 silly audit   quill: [ '1.3.7' ],
57 silly audit   'quill-delta': [ '3.6.3' ],
57 silly audit   randombytes: [ '2.1.0' ],
57 silly audit   randomfill: [ '1.0.4' ],
57 silly audit   'range-parser': [ '1.2.1' ],
57 silly audit   'raw-body': [ '3.0.1', '2.5.2' ],
57 silly audit   'read-pkg': [ '5.2.0' ],
57 silly audit   'readable-stream': [ '2.3.8', '3.6.2' ],
57 silly audit   readdirp: [ '3.6.0', '2.2.1' ],
57 silly audit   'reflect.getprototypeof': [ '1.0.10' ],
57 silly audit   regenerate: [ '1.4.2' ],
57 silly audit   'regenerate-unicode-properties': [ '10.2.2' ],
57 silly audit   'regenerator-runtime': [ '0.11.1' ],
57 silly audit   'regex-not': [ '1.0.2' ],
57 silly audit   'regexp.prototype.flags': [ '1.5.4' ],
57 silly audit   regexpp: [ '2.0.1' ],
57 silly audit   'regexpu-core': [ '6.4.0' ],
57 silly audit   regjsgen: [ '0.8.0' ],
57 silly audit   regjsparser: [ '0.13.0' ],
57 silly audit   relateurl: [ '0.2.7' ],
57 silly audit   'remove-trailing-separator': [ '1.1.0' ],
57 silly audit   renderkid: [ '2.0.7' ],
57 silly audit   'repeat-element': [ '1.1.4' ],
57 silly audit   'repeat-string': [ '1.6.1' ],
57 silly audit   request: [ '2.88.2' ],
57 silly audit   'require-directory': [ '2.1.1' ],
57 silly audit   'require-main-filename': [ '2.0.0' ],
57 silly audit   'requires-port': [ '1.0.0' ],
57 silly audit   'resize-observer-polyfill': [ '1.5.1' ],
57 silly audit   resolve: [ '1.22.10' ],
57 silly audit   'resolve-cwd': [ '2.0.0' ],
57 silly audit   'resolve-url': [ '0.2.1' ],
57 silly audit   ret: [ '0.1.15' ],
57 silly audit   retry: [ '0.12.0' ],
57 silly audit   'rgb-regex': [ '1.0.1' ],
57 silly audit   'rgba-regex': [ '1.0.0' ],
57 silly audit   ripemd160: [ '2.0.3' ],
57 silly audit   router: [ '2.2.0' ],
57 silly audit   'run-async': [ '2.4.1' ],
57 silly audit   'run-queue': [ '1.0.3' ],
57 silly audit   rxjs: [ '6.6.7' ],
57 silly audit   'safe-array-concat': [ '1.1.3' ],
57 silly audit   'safe-push-apply': [ '1.0.0' ],
57 silly audit   'safe-regex': [ '1.1.0' ],
57 silly audit   'safe-regex-test': [ '1.1.0' ],
57 silly audit   'safer-buffer': [ '2.1.2' ],
57 silly audit   sax: [ '1.2.4' ],
57 silly audit   'select-hose': [ '2.0.0' ],
57 silly audit   selfsigned: [ '1.10.14' ],
57 silly audit   send: [ '1.2.0', '0.19.0' ],
57 silly audit   'seq-queue': [ '0.0.5' ],
57 silly audit   'serialize-javascript': [ '4.0.0' ],
57 silly audit   'serve-index': [ '1.9.1' ],
57 silly audit   setprototypeof: [ '1.1.0', '1.2.0' ],
57 silly audit   'serve-static': [ '2.2.0', '1.16.2' ],
57 silly audit   'set-blocking': [ '2.0.0' ],
57 silly audit   'set-function-length': [ '1.2.2' ],
57 silly audit   'set-function-name': [ '2.0.2' ],
57 silly audit   'set-proto': [ '1.0.0' ],
57 silly audit   'set-value': [ '2.0.1' ],
57 silly audit   setimmediate: [ '1.0.5' ],
57 silly audit   'sha.js': [ '2.4.12' ],
57 silly audit   'shell-quote': [ '1.8.3' ],
57 silly audit   'side-channel': [ '1.1.0' ],
57 silly audit   'side-channel-list': [ '1.0.0' ],
57 silly audit   'side-channel-map': [ '1.0.1' ],
57 silly audit   'side-channel-weakmap': [ '1.0.2' ],
57 silly audit   'signal-exit': [ '3.0.7' ],
57 silly audit   'simple-swizzle': [ '0.2.4' ],
57 silly audit   'slice-ansi': [ '2.1.0' ],
57 silly audit   snapdragon: [ '0.8.2' ],
57 silly audit   'snapdragon-node': [ '2.1.1' ],
57 silly audit   'snapdragon-util': [ '3.0.1' ],
57 silly audit   sockjs: [ '0.3.24' ],
57 silly audit   'sockjs-client': [ '1.6.1' ],
57 silly audit   uuid: [ '8.3.2', '3.4.0' ],
57 silly audit   'sort-keys': [ '1.1.2' ],
57 silly audit   'source-list-map': [ '2.0.1' ],
57 silly audit   'source-map-js': [ '1.2.1' ],
57 silly audit   'source-map-resolve': [ '0.5.3' ],
57 silly audit   'source-map-support': [ '0.5.21' ],
57 silly audit   'source-map-url': [ '0.4.1' ],
57 silly audit   'spdx-correct': [ '3.2.0' ],
57 silly audit   'spdx-exceptions': [ '2.5.0' ],
57 silly audit   'spdx-expression-parse': [ '3.0.1' ],
57 silly audit   'spdx-license-ids': [ '3.0.22' ],
57 silly audit   spdy: [ '4.0.2' ],
57 silly audit   'spdy-transport': [ '3.0.0' ],
57 silly audit   'split-string': [ '3.1.0' ],
57 silly audit   'sprintf-js': [ '1.0.3' ],
57 silly audit   sqlstring: [ '2.3.3' ],
57 silly audit   sshpk: [ '1.18.0' ],
57 silly audit   stable: [ '0.1.8' ],
57 silly audit   stackframe: [ '1.3.4' ],
57 silly audit   'static-extend': [ '0.1.2' ],
57 silly audit   'stop-iteration-iterator': [ '1.1.0' ],
57 silly audit   'stream-browserify': [ '2.0.2' ],
57 silly audit   'stream-each': [ '1.2.3' ],
57 silly audit   'stream-http': [ '2.8.3' ],
57 silly audit   'stream-shift': [ '1.0.3' ],
57 silly audit   'strict-uri-encode': [ '1.1.0' ],
57 silly audit   string_decoder: [ '1.1.1' ],
57 silly audit   'string-width': [ '4.2.3', '3.1.0' ],
57 silly audit   'string.prototype.trim': [ '1.2.10' ],
57 silly audit   'string.prototype.trimend': [ '1.0.9' ],
57 silly audit   'string.prototype.trimstart': [ '1.0.8' ],
57 silly audit   'strip-eof': [ '1.0.0' ],
57 silly audit   'strip-final-newline': [ '2.0.0' ],
57 silly audit   'strip-indent': [ '2.0.0' ],
57 silly audit   'strip-json-comments': [ '3.1.1' ],
57 silly audit   stylehacks: [ '4.0.3' ],
57 silly audit   'supports-preserve-symlinks-flag': [ '1.0.0' ],
57 silly audit   'svg-tags': [ '1.0.0' ],
57 silly audit   svgo: [ '1.3.2' ],
57 silly audit   table: [ '5.4.6' ],
57 silly audit   tapable: [ '1.1.3' ],
57 silly audit   terser: [ '4.8.1' ],
57 silly audit   'terser-webpack-plugin': [ '1.4.6' ],
57 silly audit   'text-table': [ '0.2.0' ],
57 silly audit   thenify: [ '3.3.1' ],
57 silly audit   'thenify-all': [ '1.6.0' ],
57 silly audit   'thread-loader': [ '2.1.3' ],
57 silly audit   'throttle-debounce': [ '1.1.0' ],
57 silly audit   through: [ '2.3.8' ],
57 silly audit   through2: [ '2.0.5' ],
57 silly audit   thunky: [ '1.1.0' ],
57 silly audit   'timers-browserify': [ '2.0.12' ],
57 silly audit   timsort: [ '0.3.0' ],
57 silly audit   tmp: [ '0.0.33' ],
57 silly audit   'to-arraybuffer': [ '1.0.1' ],
57 silly audit   'to-buffer': [ '1.2.2' ],
57 silly audit   'to-object-path': [ '0.3.0' ],
57 silly audit   'to-regex': [ '3.0.2' ],
57 silly audit   toidentifier: [ '1.0.1' ],
57 silly audit   toposort: [ '1.0.7' ],
57 silly audit   'tough-cookie': [ '2.5.0' ],
57 silly audit   tryer: [ '1.0.1' ],
57 silly audit   'ts-pnp': [ '1.2.0' ],
57 silly audit   'tty-browserify': [ '0.0.0' ],
57 silly audit   'tunnel-agent': [ '0.6.0' ],
57 silly audit   tweetnacl: [ '0.14.5' ],
57 silly audit   'type-check': [ '0.3.2' ],
57 silly audit   'type-is': [ '2.0.1', '1.6.18' ],
57 silly audit   'typed-array-buffer': [ '1.0.3' ],
57 silly audit   'typed-array-byte-length': [ '1.0.3' ],
57 silly audit   'typed-array-byte-offset': [ '1.0.4' ],
57 silly audit   'typed-array-length': [ '1.0.7' ],
57 silly audit   typedarray: [ '0.0.6' ],
57 silly audit   'uglify-js': [ '3.4.10' ],
57 silly audit   'unbox-primitive': [ '1.1.0' ],
57 silly audit   'undici-types': [ '7.14.0' ],
57 silly audit   'unicode-canonical-property-names-ecmascript': [ '2.0.1' ],
57 silly audit   'unicode-match-property-ecmascript': [ '2.0.0' ],
57 silly audit   'unicode-match-property-value-ecmascript': [ '2.2.1' ],
57 silly audit   'unicode-property-aliases-ecmascript': [ '2.2.0' ],
57 silly audit   'union-value': [ '1.0.1' ],
57 silly audit   uniq: [ '1.0.1' ],
57 silly audit   uniqs: [ '2.0.0' ],
57 silly audit   'unique-filename': [ '1.1.1' ],
57 silly audit   'unique-slug': [ '2.0.2' ],
57 silly audit   universalify: [ '0.1.2' ],
57 silly audit   unpipe: [ '1.0.0' ],
57 silly audit   unquote: [ '1.1.1' ],
57 silly audit   'unset-value': [ '1.0.0' ],
57 silly audit   upath: [ '1.2.0' ],
57 silly audit   'update-browserslist-db': [ '1.1.3' ],
57 silly audit   'upper-case': [ '1.1.3' ],
57 silly audit   'uri-js': [ '4.4.1' ],
57 silly audit   urix: [ '0.1.0' ],
57 silly audit   url: [ '0.11.4' ],
57 silly audit   'url-loader': [ '2.3.0' ],
57 silly audit   'url-parse': [ '1.5.10' ],
57 silly audit   use: [ '3.1.1' ],
57 silly audit   'util-deprecate': [ '1.0.2' ],
57 silly audit   'util.promisify': [ '1.0.0' ],
57 silly audit   utila: [ '0.4.0' ],
57 silly audit   'utils-merge': [ '1.0.1' ],
57 silly audit   'v8-compile-cache': [ '2.4.0' ],
57 silly audit   'validate-npm-package-license': [ '3.0.4' ],
57 silly audit   vary: [ '1.1.2' ],
57 silly audit   vendors: [ '1.0.4' ],
57 silly audit   verror: [ '1.10.0' ],
57 silly audit   'vm-browserify': [ '1.1.2' ],
57 silly audit   vue: [ '2.7.16' ],
57 silly audit   'vue-eslint-parser': [ '7.11.0' ],
57 silly audit   'vue-hot-reload-api': [ '2.3.4' ],
57 silly audit   'vue-loader': [ '15.11.1', '16.8.3' ],
57 silly audit   'vue-quill-editor': [ '3.0.6' ],
57 silly audit   'vue-router': [ '3.6.5' ],
57 silly audit   'vue-style-loader': [ '4.1.3' ],
57 silly audit   'vue-template-compiler': [ '2.7.16' ],
57 silly audit   'vue-template-es2015-compiler': [ '1.9.1' ],
57 silly audit   vuex: [ '3.6.2' ],
57 silly audit   watchpack: [ '1.7.5' ],
57 silly audit   'watchpack-chokidar2': [ '2.0.1' ],
57 silly audit   wbuf: [ '1.7.3' ],
57 silly audit   wcwidth: [ '1.0.1' ],
57 silly audit   webpack: [ '4.47.0' ],
57 silly audit   'webpack-bundle-analyzer': [ '3.9.0' ],
57 silly audit   'webpack-chain': [ '6.5.1' ],
57 silly audit   'webpack-dev-middleware': [ '3.7.3' ],
57 silly audit   'webpack-dev-server': [ '3.11.3' ],
57 silly audit   'wrap-ansi': [ '5.1.0', '6.2.0', '7.0.0' ],
57 silly audit   yargs: [ '13.3.2', '16.2.0' ],
57 silly audit   'yargs-parser': [ '13.1.2', '20.2.9' ],
57 silly audit   'webpack-log': [ '2.0.0' ],
57 silly audit   'webpack-merge': [ '4.2.2' ],
57 silly audit   'webpack-sources': [ '1.4.3' ],
57 silly audit   'websocket-driver': [ '0.7.4' ],
57 silly audit   'websocket-extensions': [ '0.1.4' ],
57 silly audit   'which-boxed-primitive': [ '1.1.1' ],
57 silly audit   'which-builtin-type': [ '1.2.1' ],
57 silly audit   'which-collection': [ '1.0.2' ],
57 silly audit   'which-module': [ '2.0.1' ],
57 silly audit   'which-typed-array': [ '1.1.19' ],
57 silly audit   'word-wrap': [ '1.2.5' ],
57 silly audit   'worker-farm': [ '1.7.0' ],
57 silly audit   wrappy: [ '1.0.2' ],
57 silly audit   write: [ '1.0.3' ],
57 silly audit   ws: [ '6.2.3' ],
57 silly audit   xtend: [ '4.0.2' ],
57 silly audit   y18n: [ '4.0.3', '5.0.8' ],
57 silly audit   yorkie: [ '2.0.0' ],
57 silly audit   zrender: [ '6.0.0' ],
57 silly audit   multer: [ '2.0.2' ],
57 silly audit   'append-field': [ '1.0.0' ],
57 silly audit   busboy: [ '1.6.0' ],
57 silly audit   streamsearch: [ '1.1.0' ]
57 silly audit }
58 verbose reify failed optional dependency E:\cursor\localculture\vue2-app\node_modules\fsevents
59 silly reify mark deleted [ 'E:\\cursor\\localculture\\vue2-app\\node_modules\\fsevents' ]
60 verbose reify failed optional dependency E:\cursor\localculture\vue2-app\node_modules\webpack-dev-server\node_modules\fsevents
61 silly reify mark deleted [
61 silly reify   'E:\\cursor\\localculture\\vue2-app\\node_modules\\webpack-dev-server\\node_modules\\fsevents'
61 silly reify ]
62 verbose reify failed optional dependency E:\cursor\localculture\vue2-app\node_modules\watchpack-chokidar2\node_modules\fsevents
63 silly reify mark deleted [
63 silly reify   'E:\\cursor\\localculture\\vue2-app\\node_modules\\watchpack-chokidar2\\node_modules\\fsevents'
63 silly reify ]
64 http cache busboy@https://registry.npmmirror.com/busboy/-/busboy-1.6.0.tgz 0ms (cache hit)
65 http cache streamsearch@https://registry.npmmirror.com/streamsearch/-/streamsearch-1.1.0.tgz 0ms (cache hit)
66 http cache append-field@https://registry.npmmirror.com/append-field/-/append-field-1.0.0.tgz 0ms (cache hit)
67 http cache multer@https://registry.npmmirror.com/multer/-/multer-2.0.2.tgz 0ms (cache hit)
68 http cache readable-stream@https://registry.npmmirror.com/readable-stream/-/readable-stream-3.6.2.tgz 0ms (cache hit)
69 http cache media-typer@https://registry.npmmirror.com/media-typer/-/media-typer-0.3.0.tgz 0ms (cache hit)
70 http cache type-is@https://registry.npmmirror.com/type-is/-/type-is-1.6.18.tgz 0ms (cache hit)
71 silly tarball no local data for busboy@https://registry.npmmirror.com/busboy/-/busboy-1.6.0.tgz. Extracting by manifest.
72 silly tarball no local data for streamsearch@https://registry.npmmirror.com/streamsearch/-/streamsearch-1.1.0.tgz. Extracting by manifest.
73 http cache concat-stream@https://registry.npmmirror.com/concat-stream/-/concat-stream-2.0.0.tgz 0ms (cache hit)
74 silly tarball no local data for append-field@https://registry.npmmirror.com/append-field/-/append-field-1.0.0.tgz. Extracting by manifest.
75 silly tarball no local data for multer@https://registry.npmmirror.com/multer/-/multer-2.0.2.tgz. Extracting by manifest.
76 silly tarball no local data for readable-stream@https://registry.npmmirror.com/readable-stream/-/readable-stream-3.6.2.tgz. Extracting by manifest.
77 silly tarball no local data for media-typer@https://registry.npmmirror.com/media-typer/-/media-typer-0.3.0.tgz. Extracting by manifest.
78 silly tarball no local data for type-is@https://registry.npmmirror.com/type-is/-/type-is-1.6.18.tgz. Extracting by manifest.
79 silly tarball no local data for concat-stream@https://registry.npmmirror.com/concat-stream/-/concat-stream-2.0.0.tgz. Extracting by manifest.
80 http fetch POST 404 https://registry.npmmirror.com/-/npm/v1/security/advisories/bulk 39ms
81 silly audit bulk request failed [object Object]
82 http fetch POST 404 https://registry.npmmirror.com/-/npm/v1/security/audits/quick 32ms
83 verbose audit error HttpErrorGeneral: 404 Not Found - POST https://registry.npmmirror.com/-/npm/v1/security/audits/quick - [NOT_IMPLEMENTED] /-/npm/v1/security/* not implemented yet
83 verbose audit error     at D:\VScode\Node.js\node_modules\npm\node_modules\npm-registry-fetch\lib\check-response.js:103:15
83 verbose audit error     at process.processTicksAndRejections (node:internal/process/task_queues:105:5)
83 verbose audit error     at async [getReport] (D:\VScode\Node.js\node_modules\npm\node_modules\@npmcli\arborist\lib\audit-report.js:336:21)
83 verbose audit error     at async AuditReport.run (D:\VScode\Node.js\node_modules\npm\node_modules\@npmcli\arborist\lib\audit-report.js:106:19) {
83 verbose audit error   headers: [Object: null prototype] {
83 verbose audit error     server: [ 'Tengine' ],
83 verbose audit error     date: [ 'Mon, 20 Oct 2025 15:21:30 GMT' ],
83 verbose audit error     'content-type': [ 'application/json' ],
83 verbose audit error     'transfer-encoding': [ 'chunked' ],
83 verbose audit error     connection: [ 'keep-alive' ],
83 verbose audit error     'strict-transport-security': [ 'max-age=5184000' ],
83 verbose audit error     via: [ 'kunlun1.cn8037[,404666]' ],
83 verbose audit error     'timing-allow-origin': [ '*' ],
83 verbose audit error     eagleid: [ '7d271bd517609736902978858e' ],
83 verbose audit error     'x-fetch-attempts': [ '1' ]
83 verbose audit error   },
83 verbose audit error   statusCode: 404,
83 verbose audit error   code: 'E404',
83 verbose audit error   method: 'POST',
83 verbose audit error   uri: 'https://registry.npmmirror.com/-/npm/v1/security/audits/quick',
83 verbose audit error   body: {
83 verbose audit error     error: '[NOT_IMPLEMENTED] /-/npm/v1/security/* not implemented yet'
83 verbose audit error   },
83 verbose audit error   pkgid: undefined
83 verbose audit error }
84 silly audit error [object Object]
85 silly audit report null
86 http fetch GET 200 https://cdn.npmmirror.com/packages/append-field/1.0.0/append-field-1.0.0.tgz 597ms (cache miss)
87 http fetch GET 200 https://cdn.npmmirror.com/packages/streamsearch/1.1.0/streamsearch-1.1.0.tgz 604ms (cache miss)
88 http fetch GET 200 https://cdn.npmmirror.com/packages/multer/2.0.2/multer-2.0.2.tgz 614ms (cache miss)
89 http fetch GET 200 https://cdn.npmmirror.com/packages/busboy/1.6.0/busboy-1.6.0.tgz 648ms (cache miss)
90 http fetch GET 200 https://cdn.npmmirror.com/packages/concat-stream/2.0.0/concat-stream-2.0.0.tgz 665ms (cache miss)
91 http fetch GET 200 https://cdn.npmmirror.com/packages/media-typer/0.3.0/media-typer-0.3.0.tgz 685ms (cache miss)
92 http fetch GET 200 https://cdn.npmmirror.com/packages/type-is/1.6.18/type-is-1.6.18.tgz 689ms (cache miss)
93 http fetch GET 200 https://cdn.npmmirror.com/packages/readable-stream/3.6.2/readable-stream-3.6.2.tgz 741ms (cache miss)
94 silly ADD node_modules/streamsearch
95 silly ADD node_modules/busboy
96 silly ADD node_modules/append-field
97 silly ADD node_modules/multer
98 silly ADD node_modules/multer/node_modules/media-typer
99 silly ADD node_modules/multer/node_modules/readable-stream
100 silly ADD node_modules/multer/node_modules/type-is
101 silly ADD node_modules/multer/node_modules/concat-stream
102 silly ADD
103 silly ADD
104 silly ADD
105 verbose cwd E:\cursor\localculture\vue2-app\server
106 verbose os Windows_NT 10.0.26100
107 verbose node v22.17.1
108 verbose npm  v10.9.2
109 notice
109 notice New major version of npm available! 10.9.2 -> 11.6.2
109 notice Changelog: https://github.com/npm/cli/releases/tag/v11.6.2
109 notice To update run: npm install -g npm@11.6.2
109 notice  { force: true, [Symbol(proc-log.meta)]: true }
110 verbose exit 0
111 info ok
